#! /c/Source/iverilog-install/bin/vvp
:ivl_version "12.0 (devel)" "(s20150603-1110-g18392a46)";
:ivl_delay_selection "TYPICAL";
:vpi_time_precision - 9;
:vpi_module "C:\iverilog\lib\ivl\system.vpi";
:vpi_module "C:\iverilog\lib\ivl\vhdl_sys.vpi";
:vpi_module "C:\iverilog\lib\ivl\vhdl_textio.vpi";
:vpi_module "C:\iverilog\lib\ivl\v2005_math.vpi";
:vpi_module "C:\iverilog\lib\ivl\va_math.vpi";
S_000002683b8a4e40 .scope module, "sumador_restador_tb" "sumador_restador_tb" 2 4;
 .timescale -9 -9;
L_000002683b8a0d40 .functor BUFZ 4, L_000002683b911240, C4<0000>, C4<0000>, C4<0000>;
v000002683b910700_0 .var "A_tb", 3 0;
v000002683b90fee0_0 .var "B_tb", 3 0;
v000002683b911a60_0 .net "Co_tb", 0 0, L_000002683b9117e0;  1 drivers
v000002683b910c00_0 .var "Sel_tb", 0 0;
v000002683b911100_0 .net/s "So_signed", 3 0, L_000002683b8a0d40;  1 drivers
v000002683b910840_0 .net "So_tb", 3 0, L_000002683b911240;  1 drivers
L_000002683b911b88 .functor BUFT 1, C4<01010010010001010101001101010100>, C4<0>, C4<0>, C4<0>;
v000002683b911600_0 .net/2u *"_ivl_0", 31 0, L_000002683b911b88;  1 drivers
L_000002683b911bd0 .functor BUFT 1, C4<01010011010101010100110101000001>, C4<0>, C4<0>, C4<0>;
v000002683b9107a0_0 .net/2u *"_ivl_2", 31 0, L_000002683b911bd0;  1 drivers
v000002683b910a20_0 .var/i "i", 31 0;
v000002683b910b60_0 .var/i "j", 31 0;
v000002683b910ac0_0 .var/i "k", 31 0;
v000002683b911380_0 .net "modo_str", 31 0, L_000002683b910ca0;  1 drivers
v000002683b9108e0_0 .var "resultado_esperado", 4 0;
L_000002683b910ca0 .functor MUXZ 32, L_000002683b911bd0, L_000002683b911b88, v000002683b910c00_0, C4<>;
S_000002683b8a4fd0 .scope module, "uut" "sumador_restador_4_bits" 2 19, 3 4 0, S_000002683b8a4e40;
 .timescale 0 0;
    .port_info 0 /INPUT 4 "A";
    .port_info 1 /INPUT 4 "B";
    .port_info 2 /INPUT 1 "Sel";
    .port_info 3 /OUTPUT 4 "So";
    .port_info 4 /OUTPUT 1 "Co";
L_000002683b95a270 .functor BUFZ 1, v000002683b910c00_0, C4<0>, C4<0>, C4<0>;
v000002683b89f210_0 .net "A", 3 0, v000002683b910700_0;  1 drivers
v000002683b89f490_0 .net "B", 3 0, v000002683b90fee0_0;  1 drivers
v000002683b911740_0 .net "B_xor", 3 0, L_000002683b910fc0;  1 drivers
v000002683b910de0_0 .net "Co", 0 0, L_000002683b9117e0;  alias, 1 drivers
v000002683b910480_0 .net "Sel", 0 0, v000002683b910c00_0;  1 drivers
v000002683b90fc60_0 .net "So", 3 0, L_000002683b911240;  alias, 1 drivers
v000002683b910980_0 .net *"_ivl_46", 0 0, L_000002683b95a270;  1 drivers
v000002683b911920_0 .net "c", 4 0, L_000002683b911420;  1 drivers
L_000002683b9112e0 .part v000002683b90fee0_0, 0, 1;
L_000002683b911560 .part v000002683b910700_0, 0, 1;
L_000002683b910520 .part L_000002683b910fc0, 0, 1;
L_000002683b910d40 .part L_000002683b911420, 0, 1;
L_000002683b9114c0 .part v000002683b90fee0_0, 1, 1;
L_000002683b90fbc0 .part v000002683b910700_0, 1, 1;
L_000002683b90fe40 .part L_000002683b910fc0, 1, 1;
L_000002683b9111a0 .part L_000002683b911420, 1, 1;
L_000002683b910e80 .part v000002683b90fee0_0, 2, 1;
L_000002683b90fd00 .part v000002683b910700_0, 2, 1;
L_000002683b910340 .part L_000002683b910fc0, 2, 1;
L_000002683b910f20 .part L_000002683b911420, 2, 1;
L_000002683b910fc0 .concat8 [ 1 1 1 1], L_000002683b8a03a0, L_000002683b8a10c0, L_000002683b8a0b80, L_000002683b8a0950;
L_000002683b911060 .part v000002683b90fee0_0, 3, 1;
L_000002683b9100c0 .part v000002683b910700_0, 3, 1;
L_000002683b9102a0 .part L_000002683b910fc0, 3, 1;
L_000002683b9116a0 .part L_000002683b911420, 3, 1;
L_000002683b911240 .concat8 [ 1 1 1 1], L_000002683b8a0e90, L_000002683b8a0870, L_000002683b8a0e20, L_000002683b8a1210;
LS_000002683b911420_0_0 .concat8 [ 1 1 1 1], L_000002683b95a270, L_000002683b8a09c0, L_000002683b8a0bf0, L_000002683b8a0720;
LS_000002683b911420_0_4 .concat8 [ 1 0 0 0], L_000002683b959d30;
L_000002683b911420 .concat8 [ 4 1 0 0], LS_000002683b911420_0_0, LS_000002683b911420_0_4;
L_000002683b9117e0 .part L_000002683b911420, 4, 1;
S_000002683b81ea60 .scope generate, "etapa[0]" "etapa[0]" 3 22, 3 22 0, S_000002683b8a4fd0;
 .timescale 0 0;
P_000002683b8b5dc0 .param/l "i" 0 3 22, +C4<00>;
L_000002683b8a03a0 .functor XOR 1, L_000002683b9112e0, v000002683b910c00_0, C4<0>, C4<0>;
v000002683b8a2d50_0 .net *"_ivl_0", 0 0, L_000002683b9112e0;  1 drivers
v000002683b8a1f90_0 .net *"_ivl_1", 0 0, L_000002683b8a03a0;  1 drivers
S_000002683b81ebf0 .scope module, "inst" "sumador_un_bit" 3 28, 4 1 0, S_000002683b81ea60;
 .timescale 0 0;
    .port_info 0 /INPUT 1 "A";
    .port_info 1 /INPUT 1 "B";
    .port_info 2 /INPUT 1 "Ci";
    .port_info 3 /OUTPUT 1 "So";
    .port_info 4 /OUTPUT 1 "Co";
L_000002683b8a05d0 .functor XOR 1, L_000002683b911560, L_000002683b910520, C4<0>, C4<0>;
L_000002683b8a0e90 .functor XOR 1, L_000002683b8a05d0, L_000002683b910d40, C4<0>, C4<0>;
L_000002683b8a0560 .functor AND 1, L_000002683b8a05d0, L_000002683b910d40, C4<1>, C4<1>;
L_000002683b8a0b10 .functor AND 1, L_000002683b911560, L_000002683b910520, C4<1>, C4<1>;
L_000002683b8a09c0 .functor OR 1, L_000002683b8a0560, L_000002683b8a0b10, C4<0>, C4<0>;
v000002683b8a14f0_0 .net "A", 0 0, L_000002683b911560;  1 drivers
v000002683b8a2710_0 .net "B", 0 0, L_000002683b910520;  1 drivers
v000002683b8a1770_0 .net "Ci", 0 0, L_000002683b910d40;  1 drivers
v000002683b8a2df0_0 .net "Co", 0 0, L_000002683b8a09c0;  1 drivers
v000002683b8a2170_0 .net "So", 0 0, L_000002683b8a0e90;  1 drivers
v000002683b8a13b0_0 .net "a_ab", 0 0, L_000002683b8a0b10;  1 drivers
v000002683b8a23f0_0 .net "cout_t", 0 0, L_000002683b8a0560;  1 drivers
v000002683b8a2850_0 .net "x_ab", 0 0, L_000002683b8a05d0;  1 drivers
S_000002683b81ed80 .scope generate, "etapa[1]" "etapa[1]" 3 22, 3 22 0, S_000002683b8a4fd0;
 .timescale 0 0;
P_000002683b8b5f80 .param/l "i" 0 3 22, +C4<01>;
L_000002683b8a10c0 .functor XOR 1, L_000002683b9114c0, v000002683b910c00_0, C4<0>, C4<0>;
v000002683b8a1630_0 .net *"_ivl_0", 0 0, L_000002683b9114c0;  1 drivers
v000002683b8a2530_0 .net *"_ivl_1", 0 0, L_000002683b8a10c0;  1 drivers
S_000002683b872d60 .scope module, "inst" "sumador_un_bit" 3 28, 4 1 0, S_000002683b81ed80;
 .timescale 0 0;
    .port_info 0 /INPUT 1 "A";
    .port_info 1 /INPUT 1 "B";
    .port_info 2 /INPUT 1 "Ci";
    .port_info 3 /OUTPUT 1 "So";
    .port_info 4 /OUTPUT 1 "Co";
L_000002683b8a0cd0 .functor XOR 1, L_000002683b90fbc0, L_000002683b90fe40, C4<0>, C4<0>;
L_000002683b8a0870 .functor XOR 1, L_000002683b8a0cd0, L_000002683b9111a0, C4<0>, C4<0>;
L_000002683b8a0640 .functor AND 1, L_000002683b8a0cd0, L_000002683b9111a0, C4<1>, C4<1>;
L_000002683b8a06b0 .functor AND 1, L_000002683b90fbc0, L_000002683b90fe40, C4<1>, C4<1>;
L_000002683b8a0bf0 .functor OR 1, L_000002683b8a0640, L_000002683b8a06b0, C4<0>, C4<0>;
v000002683b8a2210_0 .net "A", 0 0, L_000002683b90fbc0;  1 drivers
v000002683b8a28f0_0 .net "B", 0 0, L_000002683b90fe40;  1 drivers
v000002683b8a16d0_0 .net "Ci", 0 0, L_000002683b9111a0;  1 drivers
v000002683b8a19f0_0 .net "Co", 0 0, L_000002683b8a0bf0;  1 drivers
v000002683b8a22b0_0 .net "So", 0 0, L_000002683b8a0870;  1 drivers
v000002683b8a1590_0 .net "a_ab", 0 0, L_000002683b8a06b0;  1 drivers
v000002683b8a1450_0 .net "cout_t", 0 0, L_000002683b8a0640;  1 drivers
v000002683b8a2990_0 .net "x_ab", 0 0, L_000002683b8a0cd0;  1 drivers
S_000002683b872ef0 .scope generate, "etapa[2]" "etapa[2]" 3 22, 3 22 0, S_000002683b8a4fd0;
 .timescale 0 0;
P_000002683b8b5cc0 .param/l "i" 0 3 22, +C4<010>;
L_000002683b8a0b80 .functor XOR 1, L_000002683b910e80, v000002683b910c00_0, C4<0>, C4<0>;
v000002683b8a1c70_0 .net *"_ivl_0", 0 0, L_000002683b910e80;  1 drivers
v000002683b8a1d10_0 .net *"_ivl_1", 0 0, L_000002683b8a0b80;  1 drivers
S_000002683b873080 .scope module, "inst" "sumador_un_bit" 3 28, 4 1 0, S_000002683b872ef0;
 .timescale 0 0;
    .port_info 0 /INPUT 1 "A";
    .port_info 1 /INPUT 1 "B";
    .port_info 2 /INPUT 1 "Ci";
    .port_info 3 /OUTPUT 1 "So";
    .port_info 4 /OUTPUT 1 "Co";
L_000002683b8a0db0 .functor XOR 1, L_000002683b90fd00, L_000002683b910340, C4<0>, C4<0>;
L_000002683b8a0e20 .functor XOR 1, L_000002683b8a0db0, L_000002683b910f20, C4<0>, C4<0>;
L_000002683b8a0f00 .functor AND 1, L_000002683b8a0db0, L_000002683b910f20, C4<1>, C4<1>;
L_000002683b8a0f70 .functor AND 1, L_000002683b90fd00, L_000002683b910340, C4<1>, C4<1>;
L_000002683b8a0720 .functor OR 1, L_000002683b8a0f00, L_000002683b8a0f70, C4<0>, C4<0>;
v000002683b8a18b0_0 .net "A", 0 0, L_000002683b90fd00;  1 drivers
v000002683b8a2a30_0 .net "B", 0 0, L_000002683b910340;  1 drivers
v000002683b8a2350_0 .net "Ci", 0 0, L_000002683b910f20;  1 drivers
v000002683b8a2030_0 .net "Co", 0 0, L_000002683b8a0720;  1 drivers
v000002683b8a2ad0_0 .net "So", 0 0, L_000002683b8a0e20;  1 drivers
v000002683b8a1950_0 .net "a_ab", 0 0, L_000002683b8a0f70;  1 drivers
v000002683b8a2490_0 .net "cout_t", 0 0, L_000002683b8a0f00;  1 drivers
v000002683b8a1b30_0 .net "x_ab", 0 0, L_000002683b8a0db0;  1 drivers
S_000002683b90f850 .scope generate, "etapa[3]" "etapa[3]" 3 22, 3 22 0, S_000002683b8a4fd0;
 .timescale 0 0;
P_000002683b8b6040 .param/l "i" 0 3 22, +C4<011>;
L_000002683b8a0950 .functor XOR 1, L_000002683b911060, v000002683b910c00_0, C4<0>, C4<0>;
v000002683b89ec70_0 .net *"_ivl_0", 0 0, L_000002683b911060;  1 drivers
v000002683b89f350_0 .net *"_ivl_1", 0 0, L_000002683b8a0950;  1 drivers
S_000002683b90f9e0 .scope module, "inst" "sumador_un_bit" 3 28, 4 1 0, S_000002683b90f850;
 .timescale 0 0;
    .port_info 0 /INPUT 1 "A";
    .port_info 1 /INPUT 1 "B";
    .port_info 2 /INPUT 1 "Ci";
    .port_info 3 /OUTPUT 1 "So";
    .port_info 4 /OUTPUT 1 "Co";
L_000002683b8a1130 .functor XOR 1, L_000002683b9100c0, L_000002683b9102a0, C4<0>, C4<0>;
L_000002683b8a1210 .functor XOR 1, L_000002683b8a1130, L_000002683b9116a0, C4<0>, C4<0>;
L_000002683b95a6d0 .functor AND 1, L_000002683b8a1130, L_000002683b9116a0, C4<1>, C4<1>;
L_000002683b95a200 .functor AND 1, L_000002683b9100c0, L_000002683b9102a0, C4<1>, C4<1>;
L_000002683b959d30 .functor OR 1, L_000002683b95a6d0, L_000002683b95a200, C4<0>, C4<0>;
v000002683b8a2b70_0 .net "A", 0 0, L_000002683b9100c0;  1 drivers
v000002683b8a2c10_0 .net "B", 0 0, L_000002683b9102a0;  1 drivers
v000002683b8a2e90_0 .net "Ci", 0 0, L_000002683b9116a0;  1 drivers
v000002683b8a1e50_0 .net "Co", 0 0, L_000002683b959d30;  1 drivers
v000002683b8a1ef0_0 .net "So", 0 0, L_000002683b8a1210;  1 drivers
v000002683b8a20d0_0 .net "a_ab", 0 0, L_000002683b95a200;  1 drivers
v000002683b89e950_0 .net "cout_t", 0 0, L_000002683b95a6d0;  1 drivers
v000002683b89eef0_0 .net "x_ab", 0 0, L_000002683b8a1130;  1 drivers
    .scope S_000002683b8a4e40;
T_0 ;
    %vpi_call 2 28 "$dumpfile", "sumador_restador.vcd" {0 0 0};
    %vpi_call 2 29 "$dumpvars", 32'sb00000000000000000000000000000000, S_000002683b8a4e40 {0 0 0};
    %vpi_call 2 32 "$monitor", "Time=%0t | Modo=%s | A=%d | B=%d || Co=%b | So=%b | Dec=%d", $time, v000002683b911380_0, v000002683b910700_0, v000002683b90fee0_0, v000002683b911a60_0, v000002683b910840_0, v000002683b911100_0 {0 0 0};
    %end;
    .thread T_0;
    .scope S_000002683b8a4e40;
T_1 ;
    %pushi/vec4 0, 0, 32;
    %store/vec4 v000002683b910ac0_0, 0, 32;
T_1.0 ;
    %load/vec4 v000002683b910ac0_0;
    %cmpi/s 2, 0, 32;
    %jmp/0xz T_1.1, 5;
    %pushi/vec4 0, 0, 32;
    %store/vec4 v000002683b910a20_0, 0, 32;
T_1.2 ;
    %load/vec4 v000002683b910a20_0;
    %cmpi/s 16, 0, 32;
    %jmp/0xz T_1.3, 5;
    %pushi/vec4 0, 0, 32;
    %store/vec4 v000002683b910b60_0, 0, 32;
T_1.4 ;
    %load/vec4 v000002683b910b60_0;
    %cmpi/s 16, 0, 32;
    %jmp/0xz T_1.5, 5;
    %load/vec4 v000002683b910ac0_0;
    %pad/s 1;
    %store/vec4 v000002683b910c00_0, 0, 1;
    %load/vec4 v000002683b910a20_0;
    %pad/s 4;
    %store/vec4 v000002683b910700_0, 0, 4;
    %load/vec4 v000002683b910b60_0;
    %pad/s 4;
    %store/vec4 v000002683b90fee0_0, 0, 4;
    %delay 10, 0;
    %load/vec4 v000002683b910c00_0;
    %pad/u 32;
    %cmpi/e 0, 0, 32;
    %jmp/0xz  T_1.6, 4;
    %load/vec4 v000002683b910a20_0;
    %load/vec4 v000002683b910b60_0;
    %add;
    %pad/s 5;
    %store/vec4 v000002683b9108e0_0, 0, 5;
    %jmp T_1.7;
T_1.6 ;
    %load/vec4 v000002683b910a20_0;
    %load/vec4 v000002683b910b60_0;
    %inv;
    %pushi/vec4 15, 0, 32;
    %and;
    %add;
    %addi 1, 0, 32;
    %pad/u 5;
    %store/vec4 v000002683b9108e0_0, 0, 5;
T_1.7 ;
    %load/vec4 v000002683b911a60_0;
    %load/vec4 v000002683b910840_0;
    %concat/vec4; draw_concat_vec4
    %load/vec4 v000002683b9108e0_0;
    %cmp/ne;
    %jmp/0xz  T_1.8, 6;
    %load/vec4 v000002683b911a60_0;
    %load/vec4 v000002683b910840_0;
    %concat/vec4; draw_concat_vec4
    %vpi_call 2 51 "$display", "ERROR: A=%d B=%d | Exp=%b Obt=%b", v000002683b910700_0, v000002683b90fee0_0, v000002683b9108e0_0, S<0,vec4,u5> {1 0 0};
T_1.8 ;
    %load/vec4 v000002683b910b60_0;
    %addi 1, 0, 32;
    %store/vec4 v000002683b910b60_0, 0, 32;
    %jmp T_1.4;
T_1.5 ;
    %load/vec4 v000002683b910a20_0;
    %addi 1, 0, 32;
    %store/vec4 v000002683b910a20_0, 0, 32;
    %jmp T_1.2;
T_1.3 ;
    %load/vec4 v000002683b910ac0_0;
    %addi 1, 0, 32;
    %store/vec4 v000002683b910ac0_0, 0, 32;
    %jmp T_1.0;
T_1.1 ;
    %vpi_call 2 58 "$display", "---------------------------------------------------------------" {0 0 0};
    %vpi_call 2 59 "$display", "Test completado con \303\251xito." {0 0 0};
    %vpi_call 2 60 "$display", "---------------------------------------------------------------" {0 0 0};
    %vpi_call 2 61 "$finish" {0 0 0};
    %end;
    .thread T_1;
# The file index is used to find the file name in the following table.
:file_names 5;
    "N/A";
    "<interactive>";
    "sumador_restador_tb.v";
    "./sumador_restador_4_bits.v";
    "./sumador_un_bit.v";
